<?xml version="1.0" encoding="UTF-8"?>
<!-- Generated by org.testng.reporters.JUnitXMLReporter -->
<testsuite ignored="0" hostname="GUR00184446L" failures="0" tests="3" name="Default test" time="28.966" errors="0" timestamp="2021-01-24T22:12:22 IST">
  <testcase classname="com.economist.qa.testcases.HomeTest" name="validateLoginPageTitleTest" time="0.018"/>
  <testcase classname="com.economist.qa.testcases.HomeTest" name="validateNavigationBarTest" time="0.081"/>
  <testcase classname="com.economist.qa.testcases.HomeTest" name="loginTest" time="1.597"/>
</testsuite> <!-- Default test -->
