<?xml version="1.0" encoding="UTF-8"?>
<testng-results ignored="0" total="3" passed="3" failed="0" skipped="0">
  <reporter-output>
  </reporter-output>
  <suite started-at="2021-01-24T22:11:53 IST" name="Default suite" finished-at="2021-01-24T22:12:22 IST" duration-ms="28966">
    <groups>
    </groups>
    <test started-at="2021-01-24T22:11:53 IST" name="Default test" finished-at="2021-01-24T22:12:22 IST" duration-ms="28966">
      <class name="com.economist.qa.testcases.HomeTest">
        <test-method is-config="true" signature="setup()[pri:0, instance:com.economist.qa.testcases.HomeTest@55b53d44]" started-at="2021-01-24T22:11:53 IST" name="setup" finished-at="2021-01-24T22:12:03 IST" duration-ms="9357" status="PASS">
          <reporter-output>
          </reporter-output>
        </test-method> <!-- setup -->
        <test-method signature="validateLoginPageTitleTest()[pri:1, instance:com.economist.qa.testcases.HomeTest@55b53d44]" started-at="2021-01-24T22:12:03 IST" name="validateLoginPageTitleTest" finished-at="2021-01-24T22:12:03 IST" duration-ms="18" status="PASS">
          <reporter-output>
          </reporter-output>
        </test-method> <!-- validateLoginPageTitleTest -->
        <test-method is-config="true" signature="tearDown()[pri:0, instance:com.economist.qa.testcases.HomeTest@55b53d44]" started-at="2021-01-24T22:12:03 IST" name="tearDown" finished-at="2021-01-24T22:12:04 IST" duration-ms="1532" status="PASS">
          <reporter-output>
          </reporter-output>
        </test-method> <!-- tearDown -->
        <test-method is-config="true" signature="setup()[pri:0, instance:com.economist.qa.testcases.HomeTest@55b53d44]" started-at="2021-01-24T22:12:04 IST" name="setup" finished-at="2021-01-24T22:12:12 IST" duration-ms="7765" status="PASS">
          <reporter-output>
          </reporter-output>
        </test-method> <!-- setup -->
        <test-method signature="validateNavigationBarTest()[pri:2, instance:com.economist.qa.testcases.HomeTest@55b53d44]" started-at="2021-01-24T22:12:12 IST" name="validateNavigationBarTest" finished-at="2021-01-24T22:12:12 IST" duration-ms="81" status="PASS">
          <reporter-output>
          </reporter-output>
        </test-method> <!-- validateNavigationBarTest -->
        <test-method is-config="true" signature="tearDown()[pri:0, instance:com.economist.qa.testcases.HomeTest@55b53d44]" started-at="2021-01-24T22:12:12 IST" name="tearDown" finished-at="2021-01-24T22:12:13 IST" duration-ms="703" status="PASS">
          <reporter-output>
          </reporter-output>
        </test-method> <!-- tearDown -->
        <test-method is-config="true" signature="setup()[pri:0, instance:com.economist.qa.testcases.HomeTest@55b53d44]" started-at="2021-01-24T22:12:13 IST" name="setup" finished-at="2021-01-24T22:12:20 IST" duration-ms="6969" status="PASS">
          <reporter-output>
          </reporter-output>
        </test-method> <!-- setup -->
        <test-method signature="loginTest()[pri:3, instance:com.economist.qa.testcases.HomeTest@55b53d44]" started-at="2021-01-24T22:12:20 IST" name="loginTest" finished-at="2021-01-24T22:12:21 IST" duration-ms="1597" status="PASS">
          <reporter-output>
          </reporter-output>
        </test-method> <!-- loginTest -->
        <test-method is-config="true" signature="tearDown()[pri:0, instance:com.economist.qa.testcases.HomeTest@55b53d44]" started-at="2021-01-24T22:12:21 IST" name="tearDown" finished-at="2021-01-24T22:12:22 IST" duration-ms="872" status="PASS">
          <reporter-output>
          </reporter-output>
        </test-method> <!-- tearDown -->
      </class> <!-- com.economist.qa.testcases.HomeTest -->
    </test> <!-- Default test -->
  </suite> <!-- Default suite -->
</testng-results>
